INFO:root:hum_data stored successfully: 01/19/2023, 00:10:06
INFO:root:grain_destinations stored successfully: 01/19/2023, 00:10:07
INFO:root:refugee_cumulative stored successfully: 01/19/2023, 00:10:15
INFO:root:idp_status stored successfully: 01/19/2023, 00:10:23
INFO:root:key_figures stored successfully: 01/19/2023, 00:10:25
INFO:root:food_prices stored successfully: 01/19/2023, 00:10:26
INFO:root:ukraine_support stored successfully: 01/19/2023, 00:10:29
INFO:root:reconstruction_sectors stored successfully: 01/19/2023, 00:10:29
INFO:root:reconstruction_regions stored successfully: 01/19/2023, 00:10:29
INFO:root:fiscal_income stored successfully: 01/19/2023, 00:10:32
INFO:root:fiscal_expenses stored successfully: 01/19/2023, 00:10:34
INFO:root:fiscal_finance stored successfully: 01/19/2023, 00:10:36
INFO:root:cpi_headline stored successfully: 01/19/2023, 00:10:38
INFO:root:bond_yields stored successfully: 01/19/2023, 00:10:39
INFO:root:interest_rates stored successfully: 01/19/2023, 00:10:41
INFO:root:financial_soundness stored successfully: 01/19/2023, 00:10:43
INFO:root:policy_rate stored successfully: 01/19/2023, 00:10:45
INFO:root:deposit_rate stored successfully: 01/19/2023, 00:10:47
INFO:root:international_reserves stored successfully: 01/19/2023, 00:10:48
INFO:root:assets/tf_yf_data.csv stored successfully: 01/19/2023, 00:10:50
INFO:root:assets/tf_hum_data.csv stored successfully: 01/19/2023, 00:11:29
INFO:root:assets/tf_grain_destinations.csv stored successfully: 01/19/2023, 00:11:29
INFO:root:assets/tf_reconstruction_sectors.csv stored successfully: 01/19/2023, 00:11:29
INFO:root:assets/tf_reconstruction_regions.csv stored successfully: 01/19/2023, 00:11:29
INFO:root:assets/tf_ukraine_support.csv stored successfully: 01/19/2023, 00:11:29
INFO:root:assets/tf_fiscal_income.csv stored successfully: 01/19/2023, 00:11:29
INFO:root:assets/tf_fiscal_expenses.csv stored successfully: 01/19/2023, 00:11:29
INFO:root:assets/tf_fiscal_finance.csv stored successfully: 01/19/2023, 00:11:29
INFO:root:assets/tf_cpi_last.csv stored successfully: 01/19/2023, 00:11:29
INFO:root:assets/tf_cpi_12m.csv stored successfully: 01/19/2023, 00:11:29
INFO:root:assets/tf_international_reserves.csv stored successfully: 01/19/2023, 00:11:29
INFO:root:assets/tf_bond_yields.csv stored successfully: 01/19/2023, 00:11:29
INFO:root:assets/tf_policy_rate.csv stored successfully: 01/19/2023, 00:11:29
INFO:root:assets/tf_interest_rates.csv stored successfully: 01/19/2023, 00:11:29
INFO:root:assets/tf_financial_soundness.csv stored successfully: 01/19/2023, 00:11:29
INFO:root:assets/tf_fatalities_geo.csv.gz stored successfully: 01/19/2023, 00:11:34
INFO:root:assets/tf_fatalities_series.csv stored successfully: 01/19/2023, 00:11:34
INFO:root:hum_data stored successfully: 01/19/2023, 05:42:51
INFO:root:grain_destinations stored successfully: 01/19/2023, 05:42:52
INFO:root:refugee_cumulative stored successfully: 01/19/2023, 05:43:03
INFO:root:idp_status stored successfully: 01/19/2023, 05:43:10
INFO:root:key_figures stored successfully: 01/19/2023, 05:43:19
INFO:root:food_prices stored successfully: 01/19/2023, 05:43:24
INFO:root:ukraine_support stored successfully: 01/19/2023, 05:43:29
INFO:root:reconstruction_sectors stored successfully: 01/19/2023, 05:43:29
INFO:root:reconstruction_regions stored successfully: 01/19/2023, 05:43:29
INFO:root:fiscal_income stored successfully: 01/19/2023, 05:43:32
INFO:root:fiscal_expenses stored successfully: 01/19/2023, 05:43:35
INFO:root:fiscal_finance stored successfully: 01/19/2023, 05:43:37
INFO:root:cpi_headline stored successfully: 01/19/2023, 05:43:41
INFO:root:bond_yields stored successfully: 01/19/2023, 05:43:43
INFO:root:interest_rates stored successfully: 01/19/2023, 05:43:45
INFO:root:financial_soundness stored successfully: 01/19/2023, 05:43:47
INFO:root:policy_rate stored successfully: 01/19/2023, 05:43:50
INFO:root:deposit_rate stored successfully: 01/19/2023, 05:43:53
INFO:root:international_reserves stored successfully: 01/19/2023, 05:43:54
INFO:root:assets/tf_yf_data.csv stored successfully: 01/19/2023, 05:43:57
INFO:root:assets/tf_hum_data.csv stored successfully: 01/19/2023, 05:44:42
INFO:root:assets/tf_grain_destinations.csv stored successfully: 01/19/2023, 05:44:42
INFO:root:assets/tf_reconstruction_sectors.csv stored successfully: 01/19/2023, 05:44:42
INFO:root:assets/tf_reconstruction_regions.csv stored successfully: 01/19/2023, 05:44:42
INFO:root:assets/tf_ukraine_support.csv stored successfully: 01/19/2023, 05:44:42
INFO:root:assets/tf_fiscal_income.csv stored successfully: 01/19/2023, 05:44:42
INFO:root:assets/tf_fiscal_expenses.csv stored successfully: 01/19/2023, 05:44:42
INFO:root:assets/tf_fiscal_finance.csv stored successfully: 01/19/2023, 05:44:42
INFO:root:assets/tf_cpi_last.csv stored successfully: 01/19/2023, 05:44:42
INFO:root:assets/tf_cpi_12m.csv stored successfully: 01/19/2023, 05:44:42
INFO:root:assets/tf_international_reserves.csv stored successfully: 01/19/2023, 05:44:42
INFO:root:assets/tf_bond_yields.csv stored successfully: 01/19/2023, 05:44:42
INFO:root:assets/tf_policy_rate.csv stored successfully: 01/19/2023, 05:44:42
INFO:root:assets/tf_interest_rates.csv stored successfully: 01/19/2023, 05:44:43
INFO:root:assets/tf_financial_soundness.csv stored successfully: 01/19/2023, 05:44:43
INFO:root:assets/tf_fatalities_geo.csv.gz stored successfully: 01/19/2023, 05:44:48
INFO:root:assets/tf_fatalities_series.csv stored successfully: 01/19/2023, 05:44:48
INFO:root:hum_data stored successfully: 01/20/2023, 05:42:46
INFO:root:grain_destinations stored successfully: 01/20/2023, 05:42:47
INFO:root:refugee_cumulative stored successfully: 01/20/2023, 05:42:50
INFO:root:idp_status stored successfully: 01/20/2023, 05:42:55
INFO:root:key_figures stored successfully: 01/20/2023, 05:42:57
INFO:root:food_prices stored successfully: 01/20/2023, 05:42:59
INFO:root:ukraine_support stored successfully: 01/20/2023, 05:43:03
INFO:root:reconstruction_sectors stored successfully: 01/20/2023, 05:43:03
INFO:root:reconstruction_regions stored successfully: 01/20/2023, 05:43:03
INFO:root:fiscal_income stored successfully: 01/20/2023, 05:43:08
INFO:root:fiscal_expenses stored successfully: 01/20/2023, 05:43:11
INFO:root:fiscal_finance stored successfully: 01/20/2023, 05:43:14
INFO:root:cpi_headline stored successfully: 01/20/2023, 05:43:20
INFO:root:bond_yields stored successfully: 01/20/2023, 05:43:22
INFO:root:interest_rates stored successfully: 01/20/2023, 05:43:24
INFO:root:financial_soundness stored successfully: 01/20/2023, 05:43:26
INFO:root:policy_rate stored successfully: 01/20/2023, 05:43:31
INFO:root:deposit_rate stored successfully: 01/20/2023, 05:43:34
INFO:root:international_reserves stored successfully: 01/20/2023, 05:43:35
INFO:root:assets/tf_yf_data.csv stored successfully: 01/20/2023, 05:43:38
INFO:root:assets/tf_hum_data.csv stored successfully: 01/20/2023, 05:44:18
INFO:root:assets/tf_grain_destinations.csv stored successfully: 01/20/2023, 05:44:18
INFO:root:assets/tf_reconstruction_sectors.csv stored successfully: 01/20/2023, 05:44:18
INFO:root:assets/tf_reconstruction_regions.csv stored successfully: 01/20/2023, 05:44:18
INFO:root:assets/tf_ukraine_support.csv stored successfully: 01/20/2023, 05:44:18
INFO:root:assets/tf_fiscal_income.csv stored successfully: 01/20/2023, 05:44:18
INFO:root:assets/tf_fiscal_expenses.csv stored successfully: 01/20/2023, 05:44:18
INFO:root:assets/tf_fiscal_finance.csv stored successfully: 01/20/2023, 05:44:18
INFO:root:assets/tf_cpi_last.csv stored successfully: 01/20/2023, 05:44:19
INFO:root:assets/tf_cpi_12m.csv stored successfully: 01/20/2023, 05:44:19
INFO:root:assets/tf_international_reserves.csv stored successfully: 01/20/2023, 05:44:19
INFO:root:assets/tf_bond_yields.csv stored successfully: 01/20/2023, 05:44:19
INFO:root:assets/tf_policy_rate.csv stored successfully: 01/20/2023, 05:44:19
INFO:root:assets/tf_interest_rates.csv stored successfully: 01/20/2023, 05:44:19
INFO:root:assets/tf_financial_soundness.csv stored successfully: 01/20/2023, 05:44:19
INFO:root:assets/tf_fatalities_geo.csv.gz stored successfully: 01/20/2023, 05:44:24
INFO:root:assets/tf_fatalities_series.csv stored successfully: 01/20/2023, 05:44:24
