INFO:root:assets/tf_cpi_headline.csv stored successfully: 01/09/2023, 15:06:57
INFO:root:assets/tf_cpi_last.csv stored successfully: 01/09/2023, 15:15:45
INFO:root:assets/tf_cpi_last.csv stored successfully: 01/09/2023, 15:16:38
INFO:root:assets/tf_cpi_12m.csv stored successfully: 01/09/2023, 15:16:38
INFO:root:assets/tf_cpi_last.csv stored successfully: 01/09/2023, 15:30:03
INFO:root:assets/tf_cpi_12m.csv stored successfully: 01/09/2023, 15:30:03
INFO:root:assets/tf_cpi_last.csv stored successfully: 01/09/2023, 15:35:24
INFO:root:assets/tf_cpi_last.csv stored successfully: 01/09/2023, 15:35:41
INFO:root:assets/tf_cpi_last.csv stored successfully: 01/09/2023, 15:35:53
INFO:root:assets/tf_cpi_12m.csv stored successfully: 01/09/2023, 15:35:53
INFO:root:assets/tf_cpi_last.csv stored successfully: 01/09/2023, 15:51:13
INFO:root:assets/tf_cpi_12m.csv stored successfully: 01/09/2023, 15:51:13
INFO:root:assets/tf_cpi_last.csv stored successfully: 01/09/2023, 15:56:37
INFO:root:assets/tf_cpi_12m.csv stored successfully: 01/09/2023, 15:56:37
INFO:root:assets/tf_cpi_last.csv stored successfully: 01/09/2023, 15:56:57
INFO:root:assets/tf_cpi_12m.csv stored successfully: 01/09/2023, 15:56:57
INFO:root:assets/tf_cpi_last.csv stored successfully: 01/09/2023, 15:57:25
INFO:root:assets/tf_cpi_12m.csv stored successfully: 01/09/2023, 15:57:25
INFO:root:assets/tf_cpi_last.csv stored successfully: 01/09/2023, 15:57:39
INFO:root:assets/tf_cpi_12m.csv stored successfully: 01/09/2023, 15:57:39
INFO:root:assets/tf_cpi_last.csv stored successfully: 01/09/2023, 15:58:54
INFO:root:assets/tf_cpi_12m.csv stored successfully: 01/09/2023, 15:58:54
INFO:root:assets/tf_cpi_last.csv stored successfully: 01/09/2023, 16:00:44
INFO:root:assets/tf_cpi_12m.csv stored successfully: 01/09/2023, 16:00:44
INFO:root:assets/tf_cpi_last.csv stored successfully: 01/09/2023, 16:42:49
INFO:root:assets/tf_cpi_last.csv stored successfully: 01/09/2023, 16:43:14
INFO:root:assets/tf_cpi_last.csv stored successfully: 01/09/2023, 16:43:54
INFO:root:assets/tf_cpi_12m.csv stored successfully: 01/09/2023, 16:43:54
INFO:root:assets/tf_fiscal_income.csv stored successfully: 01/09/2023, 16:58:28
INFO:root:assets/tf_fiscal_expenses.csv stored successfully: 01/09/2023, 16:58:28
INFO:root:assets/tf_fiscal_finance.csv stored successfully: 01/09/2023, 16:58:28
INFO:root:assets/tf_ukraine_support.csv stored successfully: 01/09/2023, 17:18:50
INFO:root:assets/tf_ukraine_support.csv stored successfully: 01/09/2023, 17:21:02
INFO:root:assets/tf_ukraine_support.csv stored successfully: 01/09/2023, 17:22:08
INFO:root:assets/tf_ukraine_support.csv stored successfully: 01/09/2023, 17:22:49
INFO:root:assets/tf_ukraine_support.csv stored successfully: 01/09/2023, 17:23:09
INFO:root:assets/tf_ukraine_support.csv stored successfully: 01/09/2023, 17:23:42
INFO:root:hum_data stored successfully: 01/09/2023, 17:28:25
INFO:root:grain_destinations stored successfully: 01/09/2023, 17:28:26
INFO:root:refugee_cumulative stored successfully: 01/09/2023, 17:28:35
INFO:root:idp_status stored successfully: 01/09/2023, 17:28:47
INFO:root:key_figures stored successfully: 01/09/2023, 17:28:49
INFO:root:food_prices stored successfully: 01/09/2023, 17:29:15
INFO:root:ukraine_support stored successfully: 01/09/2023, 17:29:27
INFO:root:reconstruction_sectors stored successfully: 01/09/2023, 17:29:27
INFO:root:reconstruction_regions stored successfully: 01/09/2023, 17:29:27
INFO:root:fiscal_income stored successfully: 01/09/2023, 17:29:32
INFO:root:fiscal_expenses stored successfully: 01/09/2023, 17:29:37
INFO:root:fiscal_finance stored successfully: 01/09/2023, 17:29:40
INFO:root:cpi_headline stored successfully: 01/09/2023, 17:29:42
INFO:root:bond_yields stored successfully: 01/09/2023, 17:29:43
INFO:root:interest_rates stored successfully: 01/09/2023, 17:29:45
INFO:root:financial_soundness stored successfully: 01/09/2023, 17:29:48
INFO:root:policy_rate stored successfully: 01/09/2023, 17:29:54
INFO:root:deposit_rate stored successfully: 01/09/2023, 17:29:56
INFO:root:international_reserves stored successfully: 01/09/2023, 17:29:56
INFO:root:assets/tf_google_news.csv stored successfully: 01/09/2023, 17:30:09
INFO:root:assets/tf_yf_data.csv stored successfully: 01/09/2023, 17:30:11
INFO:root:assets/tf_hum_data.csv stored successfully: 01/09/2023, 17:31:04
INFO:root:assets/tf_grain_destinations.csv stored successfully: 01/09/2023, 17:31:04
INFO:root:assets/tf_reconstruction_sectors.csv stored successfully: 01/09/2023, 17:31:04
INFO:root:assets/tf_reconstruction_regions.csv stored successfully: 01/09/2023, 17:31:05
INFO:root:assets/tf_ukraine_support.csv stored successfully: 01/09/2023, 17:31:05
INFO:root:assets/tf_fiscal_income.csv stored successfully: 01/09/2023, 17:31:05
INFO:root:assets/tf_fiscal_expenses.csv stored successfully: 01/09/2023, 17:31:05
INFO:root:assets/tf_fiscal_finance.csv stored successfully: 01/09/2023, 17:31:05
INFO:root:assets/tf_cpi_last.csv stored successfully: 01/09/2023, 17:31:05
INFO:root:assets/tf_cpi_12m.csv stored successfully: 01/09/2023, 17:31:05
INFO:root:assets/tf_international_reserves.csv stored successfully: 01/09/2023, 17:31:05
INFO:root:assets/tf_bond_yields.csv stored successfully: 01/09/2023, 17:31:05
INFO:root:assets/tf_policy_rate.csv stored successfully: 01/09/2023, 17:31:05
INFO:root:assets/tf_interest_rates.csv stored successfully: 01/09/2023, 17:31:05
INFO:root:assets/tf_financial_soundness.csv stored successfully: 01/09/2023, 17:31:05
INFO:root:assets/tf_fatalities_geo.csv.gz stored successfully: 01/09/2023, 17:31:08
INFO:root:assets/tf_fatalities_series.csv stored successfully: 01/09/2023, 17:31:08
INFO:root:assets/tf_hum_data.csv stored successfully: 01/09/2023, 17:47:30
INFO:root:assets/tf_grain_destinations.csv stored successfully: 01/09/2023, 17:47:30
INFO:root:assets/tf_reconstruction_sectors.csv stored successfully: 01/09/2023, 17:47:30
INFO:root:assets/tf_reconstruction_regions.csv stored successfully: 01/09/2023, 17:47:30
INFO:root:assets/tf_ukraine_support.csv stored successfully: 01/09/2023, 17:47:30
INFO:root:assets/tf_fiscal_income.csv stored successfully: 01/09/2023, 17:47:31
INFO:root:assets/tf_fiscal_expenses.csv stored successfully: 01/09/2023, 17:47:31
INFO:root:assets/tf_fiscal_finance.csv stored successfully: 01/09/2023, 17:47:31
INFO:root:assets/tf_cpi_last.csv stored successfully: 01/09/2023, 17:47:31
INFO:root:assets/tf_cpi_12m.csv stored successfully: 01/09/2023, 17:47:31
INFO:root:assets/tf_international_reserves.csv stored successfully: 01/09/2023, 17:47:31
INFO:root:assets/tf_bond_yields.csv stored successfully: 01/09/2023, 17:47:31
INFO:root:assets/tf_policy_rate.csv stored successfully: 01/09/2023, 17:47:31
INFO:root:assets/tf_interest_rates.csv stored successfully: 01/09/2023, 17:47:31
INFO:root:assets/tf_financial_soundness.csv stored successfully: 01/09/2023, 17:47:31
INFO:root:assets/tf_fatalities_geo.csv.gz stored successfully: 01/09/2023, 17:47:34
INFO:root:assets/tf_fatalities_series.csv stored successfully: 01/09/2023, 17:47:34
INFO:root:assets/tf_hum_data.csv stored successfully: 01/09/2023, 17:49:57
INFO:root:assets/tf_grain_destinations.csv stored successfully: 01/09/2023, 17:49:57
INFO:root:assets/tf_reconstruction_sectors.csv stored successfully: 01/09/2023, 17:49:57
INFO:root:assets/tf_reconstruction_regions.csv stored successfully: 01/09/2023, 17:49:57
INFO:root:assets/tf_ukraine_support.csv stored successfully: 01/09/2023, 17:49:57
INFO:root:assets/tf_fiscal_income.csv stored successfully: 01/09/2023, 17:49:58
INFO:root:assets/tf_fiscal_expenses.csv stored successfully: 01/09/2023, 17:49:58
INFO:root:assets/tf_fiscal_finance.csv stored successfully: 01/09/2023, 17:49:58
INFO:root:assets/tf_cpi_last.csv stored successfully: 01/09/2023, 17:49:58
INFO:root:assets/tf_cpi_12m.csv stored successfully: 01/09/2023, 17:49:58
INFO:root:assets/tf_international_reserves.csv stored successfully: 01/09/2023, 17:49:58
INFO:root:assets/tf_bond_yields.csv stored successfully: 01/09/2023, 17:49:58
INFO:root:assets/tf_policy_rate.csv stored successfully: 01/09/2023, 17:49:58
INFO:root:assets/tf_interest_rates.csv stored successfully: 01/09/2023, 17:49:58
INFO:root:assets/tf_financial_soundness.csv stored successfully: 01/09/2023, 17:49:58
INFO:root:assets/tf_fatalities_geo.csv.gz stored successfully: 01/09/2023, 17:50:01
INFO:root:assets/tf_fatalities_series.csv stored successfully: 01/09/2023, 17:50:01
INFO:root:hum_data stored successfully: 01/11/2023, 13:30:44
INFO:root:grain_destinations stored successfully: 01/11/2023, 13:30:45
INFO:root:refugee_cumulative stored successfully: 01/11/2023, 13:30:52
INFO:root:idp_status stored successfully: 01/11/2023, 13:31:00
INFO:root:key_figures stored successfully: 01/11/2023, 13:31:01
INFO:root:food_prices stored successfully: 01/11/2023, 13:31:14
INFO:root:ukraine_support stored successfully: 01/11/2023, 13:31:18
INFO:root:reconstruction_sectors stored successfully: 01/11/2023, 13:31:18
INFO:root:reconstruction_regions stored successfully: 01/11/2023, 13:31:18
INFO:root:fiscal_income stored successfully: 01/11/2023, 13:31:19
INFO:root:fiscal_expenses stored successfully: 01/11/2023, 13:31:25
INFO:root:fiscal_finance stored successfully: 01/11/2023, 13:31:26
INFO:root:cpi_headline stored successfully: 01/11/2023, 13:31:33
INFO:root:bond_yields stored successfully: 01/11/2023, 13:31:33
INFO:root:interest_rates stored successfully: 01/11/2023, 13:31:34
INFO:root:financial_soundness stored successfully: 01/11/2023, 13:31:40
INFO:root:policy_rate stored successfully: 01/11/2023, 13:31:41
INFO:root:deposit_rate stored successfully: 01/11/2023, 13:31:42
INFO:root:international_reserves stored successfully: 01/11/2023, 13:31:42
INFO:root:assets/tf_google_news.csv stored successfully: 01/11/2023, 13:31:45
INFO:root:assets/tf_yf_data.csv stored successfully: 01/11/2023, 13:31:53
INFO:root:assets/tf_hum_data.csv stored successfully: 01/11/2023, 13:33:19
INFO:root:assets/tf_grain_destinations.csv stored successfully: 01/11/2023, 13:33:19
INFO:root:assets/tf_reconstruction_sectors.csv stored successfully: 01/11/2023, 13:33:19
INFO:root:assets/tf_reconstruction_regions.csv stored successfully: 01/11/2023, 13:33:19
INFO:root:assets/tf_ukraine_support.csv stored successfully: 01/11/2023, 13:33:19
INFO:root:assets/tf_fiscal_income.csv stored successfully: 01/11/2023, 13:33:19
INFO:root:assets/tf_fiscal_expenses.csv stored successfully: 01/11/2023, 13:33:20
INFO:root:assets/tf_fiscal_finance.csv stored successfully: 01/11/2023, 13:33:20
INFO:root:assets/tf_cpi_last.csv stored successfully: 01/11/2023, 13:33:20
INFO:root:assets/tf_cpi_12m.csv stored successfully: 01/11/2023, 13:33:20
INFO:root:assets/tf_international_reserves.csv stored successfully: 01/11/2023, 13:33:20
INFO:root:assets/tf_bond_yields.csv stored successfully: 01/11/2023, 13:33:20
INFO:root:assets/tf_policy_rate.csv stored successfully: 01/11/2023, 13:33:20
INFO:root:assets/tf_interest_rates.csv stored successfully: 01/11/2023, 13:33:20
INFO:root:assets/tf_financial_soundness.csv stored successfully: 01/11/2023, 13:33:20
INFO:root:assets/tf_fatalities_geo.csv.gz stored successfully: 01/11/2023, 13:33:34
INFO:root:assets/tf_fatalities_series.csv stored successfully: 01/11/2023, 13:33:34
